<?xml version="1.0" encoding="UTF-8"?>
<testsuite name="Logueo de usuario en nequi" tests="1" skipped="0" failures="0" errors="0" timestamp="2022-05-05T22:19:02" hostname="CHMEPPF34MMMS" time="46.404">
  <properties/>
  <testcase name=": Inicio de sesión con validacion correcta" classname="Logueo de usuario en nequi" time="46.404"/>
  <system-out><![CDATA[]]></system-out>
  <system-err><![CDATA[may 05, 2022 5:19:25 PM io.appium.java_client.remote.AppiumCommandExecutor$1 lambda$0
INFORMACIÓN: Detected dialect: W3C
[Test worker] WARN net.thucydides.core.webdriver.WebDriverFacade - Failed to take screenshot (Screen shot has been taken
Build info: version: '3.141.59', revision: 'e82be7d358', time: '2018-11-14T08:17:03'
System info: host: 'CHMEPPF34MMMS', ip: '192.168.20.21', os.name: 'Windows 10', os.arch: 'amd64', os.version: '10.0', java.version: '1.8.0_131'
Driver info: io.appium.java_client.android.AndroidDriver
Capabilities {app: C:/Users/ccogollo/IdeaProje..., appPackage: pa.com.nequi.MobileApp, databaseEnabled: false, desired: {app: C:/Users/ccogollo/IdeaProje..., deviceName: huawei-dub_lx1, hub: http://127.0.0.1:4723/wd/hub, loggingPrefs: {}, noReset: true, platformName: android, platformVersion: 8.1, udid: 35S6R19117001129}, deviceApiLevel: 27, deviceManufacturer: HUAWEI, deviceModel: DUB-LX1, deviceName: 35S6R19117001129, deviceScreenDensity: 320, deviceScreenSize: 720x1520, deviceUDID: 35S6R19117001129, hub: http://127.0.0.1:4723/wd/hub, javascriptEnabled: true, locationContextEnabled: false, loggingPrefs: org.openqa.selenium.logging..., networkConnectionEnabled: true, noReset: true, pixelRatio: 2, platform: LINUX, platformName: Android, platformVersion: 8.1.0, statBarHeight: 54, takesScreenshot: true, udid: 35S6R19117001129, viewportRect: {height: 1386, left: 0, top: 54, width: 720}, warnings: {}, webStorageEnabled: false}
Session ID: 47a6cbef-ea31-4676-8b9b-491cc49fbc2c)
[Test worker] WARN net.thucydides.core.webdriver.WebDriverFacade - Failed to take screenshot (Screen shot has been taken
Build info: version: '3.141.59', revision: 'e82be7d358', time: '2018-11-14T08:17:03'
System info: host: 'CHMEPPF34MMMS', ip: '192.168.20.21', os.name: 'Windows 10', os.arch: 'amd64', os.version: '10.0', java.version: '1.8.0_131'
Driver info: io.appium.java_client.android.AndroidDriver
Capabilities {app: C:/Users/ccogollo/IdeaProje..., appPackage: pa.com.nequi.MobileApp, databaseEnabled: false, desired: {app: C:/Users/ccogollo/IdeaProje..., deviceName: huawei-dub_lx1, hub: http://127.0.0.1:4723/wd/hub, loggingPrefs: {}, noReset: true, platformName: android, platformVersion: 8.1, udid: 35S6R19117001129}, deviceApiLevel: 27, deviceManufacturer: HUAWEI, deviceModel: DUB-LX1, deviceName: 35S6R19117001129, deviceScreenDensity: 320, deviceScreenSize: 720x1520, deviceUDID: 35S6R19117001129, hub: http://127.0.0.1:4723/wd/hub, javascriptEnabled: true, locationContextEnabled: false, loggingPrefs: org.openqa.selenium.logging..., networkConnectionEnabled: true, noReset: true, pixelRatio: 2, platform: LINUX, platformName: Android, platformVersion: 8.1.0, statBarHeight: 54, takesScreenshot: true, udid: 35S6R19117001129, viewportRect: {height: 1386, left: 0, top: 54, width: 720}, warnings: {}, webStorageEnabled: false}
Session ID: 47a6cbef-ea31-4676-8b9b-491cc49fbc2c)
[Test worker] WARN net.thucydides.core.webdriver.WebDriverFacade - Failed to take screenshot (Screen shot has been taken
Build info: version: '3.141.59', revision: 'e82be7d358', time: '2018-11-14T08:17:03'
System info: host: 'CHMEPPF34MMMS', ip: '192.168.20.21', os.name: 'Windows 10', os.arch: 'amd64', os.version: '10.0', java.version: '1.8.0_131'
Driver info: io.appium.java_client.android.AndroidDriver
Capabilities {app: C:/Users/ccogollo/IdeaProje..., appPackage: pa.com.nequi.MobileApp, databaseEnabled: false, desired: {app: C:/Users/ccogollo/IdeaProje..., deviceName: huawei-dub_lx1, hub: http://127.0.0.1:4723/wd/hub, loggingPrefs: {}, noReset: true, platformName: android, platformVersion: 8.1, udid: 35S6R19117001129}, deviceApiLevel: 27, deviceManufacturer: HUAWEI, deviceModel: DUB-LX1, deviceName: 35S6R19117001129, deviceScreenDensity: 320, deviceScreenSize: 720x1520, deviceUDID: 35S6R19117001129, hub: http://127.0.0.1:4723/wd/hub, javascriptEnabled: true, locationContextEnabled: false, loggingPrefs: org.openqa.selenium.logging..., networkConnectionEnabled: true, noReset: true, pixelRatio: 2, platform: LINUX, platformName: Android, platformVersion: 8.1.0, statBarHeight: 54, takesScreenshot: true, udid: 35S6R19117001129, viewportRect: {height: 1386, left: 0, top: 54, width: 720}, warnings: {}, webStorageEnabled: false}
Session ID: 47a6cbef-ea31-4676-8b9b-491cc49fbc2c)
[Test worker] WARN net.thucydides.core.webdriver.WebDriverFacade - Failed to take screenshot (Screen shot has been taken
Build info: version: '3.141.59', revision: 'e82be7d358', time: '2018-11-14T08:17:03'
System info: host: 'CHMEPPF34MMMS', ip: '192.168.20.21', os.name: 'Windows 10', os.arch: 'amd64', os.version: '10.0', java.version: '1.8.0_131'
Driver info: io.appium.java_client.android.AndroidDriver
Capabilities {app: C:/Users/ccogollo/IdeaProje..., appPackage: pa.com.nequi.MobileApp, databaseEnabled: false, desired: {app: C:/Users/ccogollo/IdeaProje..., deviceName: huawei-dub_lx1, hub: http://127.0.0.1:4723/wd/hub, loggingPrefs: {}, noReset: true, platformName: android, platformVersion: 8.1, udid: 35S6R19117001129}, deviceApiLevel: 27, deviceManufacturer: HUAWEI, deviceModel: DUB-LX1, deviceName: 35S6R19117001129, deviceScreenDensity: 320, deviceScreenSize: 720x1520, deviceUDID: 35S6R19117001129, hub: http://127.0.0.1:4723/wd/hub, javascriptEnabled: true, locationContextEnabled: false, loggingPrefs: org.openqa.selenium.logging..., networkConnectionEnabled: true, noReset: true, pixelRatio: 2, platform: LINUX, platformName: Android, platformVersion: 8.1.0, statBarHeight: 54, takesScreenshot: true, udid: 35S6R19117001129, viewportRect: {height: 1386, left: 0, top: 54, width: 720}, warnings: {}, webStorageEnabled: false}
Session ID: 47a6cbef-ea31-4676-8b9b-491cc49fbc2c)
[Test worker] WARN net.thucydides.core.webdriver.WebDriverFacade - Failed to take screenshot (Screen shot has been taken
Build info: version: '3.141.59', revision: 'e82be7d358', time: '2018-11-14T08:17:03'
System info: host: 'CHMEPPF34MMMS', ip: '192.168.20.21', os.name: 'Windows 10', os.arch: 'amd64', os.version: '10.0', java.version: '1.8.0_131'
Driver info: io.appium.java_client.android.AndroidDriver
Capabilities {app: C:/Users/ccogollo/IdeaProje..., appPackage: pa.com.nequi.MobileApp, databaseEnabled: false, desired: {app: C:/Users/ccogollo/IdeaProje..., deviceName: huawei-dub_lx1, hub: http://127.0.0.1:4723/wd/hub, loggingPrefs: {}, noReset: true, platformName: android, platformVersion: 8.1, udid: 35S6R19117001129}, deviceApiLevel: 27, deviceManufacturer: HUAWEI, deviceModel: DUB-LX1, deviceName: 35S6R19117001129, deviceScreenDensity: 320, deviceScreenSize: 720x1520, deviceUDID: 35S6R19117001129, hub: http://127.0.0.1:4723/wd/hub, javascriptEnabled: true, locationContextEnabled: false, loggingPrefs: org.openqa.selenium.logging..., networkConnectionEnabled: true, noReset: true, pixelRatio: 2, platform: LINUX, platformName: Android, platformVersion: 8.1.0, statBarHeight: 54, takesScreenshot: true, udid: 35S6R19117001129, viewportRect: {height: 1386, left: 0, top: 54, width: 720}, warnings: {}, webStorageEnabled: false}
Session ID: 47a6cbef-ea31-4676-8b9b-491cc49fbc2c)
[Test worker] WARN net.thucydides.core.webdriver.WebDriverFacade - Failed to take screenshot (Screen shot has been taken
Build info: version: '3.141.59', revision: 'e82be7d358', time: '2018-11-14T08:17:03'
System info: host: 'CHMEPPF34MMMS', ip: '192.168.20.21', os.name: 'Windows 10', os.arch: 'amd64', os.version: '10.0', java.version: '1.8.0_131'
Driver info: io.appium.java_client.android.AndroidDriver
Capabilities {app: C:/Users/ccogollo/IdeaProje..., appPackage: pa.com.nequi.MobileApp, databaseEnabled: false, desired: {app: C:/Users/ccogollo/IdeaProje..., deviceName: huawei-dub_lx1, hub: http://127.0.0.1:4723/wd/hub, loggingPrefs: {}, noReset: true, platformName: android, platformVersion: 8.1, udid: 35S6R19117001129}, deviceApiLevel: 27, deviceManufacturer: HUAWEI, deviceModel: DUB-LX1, deviceName: 35S6R19117001129, deviceScreenDensity: 320, deviceScreenSize: 720x1520, deviceUDID: 35S6R19117001129, hub: http://127.0.0.1:4723/wd/hub, javascriptEnabled: true, locationContextEnabled: false, loggingPrefs: org.openqa.selenium.logging..., networkConnectionEnabled: true, noReset: true, pixelRatio: 2, platform: LINUX, platformName: Android, platformVersion: 8.1.0, statBarHeight: 54, takesScreenshot: true, udid: 35S6R19117001129, viewportRect: {height: 1386, left: 0, top: 54, width: 720}, warnings: {}, webStorageEnabled: false}
Session ID: 47a6cbef-ea31-4676-8b9b-491cc49fbc2c)
[Test worker] INFO net.thucydides.core.steps.ConsoleLoggingListener - 
        __    _____ _____ ____ _____   ____   _    ____  ____  _____ ____  
  _     \ \  |_   _| ____/ ___|_   _| |  _ \ / \  / ___|/ ___|| ____|  _ \ 
 (_)_____| |   | | |  _| \___ \ | |   | |_) / _ \ \___ \\___ \|  _| | | | |
  _|_____| |   | | | |___ ___) || |   |  __/ ___ \ ___) |___) | |___| |_| |
 (_)     | |   |_| |_____|____/ |_|   |_| /_/   \_\____/|____/|_____|____/ 
        /_/                                                                

TEST PASSED: : Inicio de sesión con validacion correcta
----------------------------------------------------------------------------
]]></system-err>
</testsuite>
